2023-10-15 17:46:11.420 +04 [59773] LOG:  starting PostgreSQL 16.0 (Homebrew) on aarch64-apple-darwin22.6.0, compiled by Apple clang version 14.0.3 (clang-1403.0.22.14.1), 64-bit
2023-10-15 17:46:11.425 +04 [59773] LOG:  listening on IPv6 address "::1", port 5432
2023-10-15 17:46:11.425 +04 [59773] LOG:  listening on IPv4 address "127.0.0.1", port 5432
2023-10-15 17:46:11.426 +04 [59773] LOG:  listening on Unix socket "/tmp/.s.PGSQL.5432"
2023-10-15 17:46:11.430 +04 [59776] LOG:  database system was shut down at 2023-10-15 17:43:34 +04
2023-10-15 17:46:11.433 +04 [59773] LOG:  database system is ready to accept connections
2023-10-15 17:46:36.813 +04 [59773] LOG:  received fast shutdown request
2023-10-15 17:46:36.813 +04 [59773] LOG:  aborting any active transactions
2023-10-15 17:46:36.815 +04 [59773] LOG:  background worker "logical replication launcher" (PID 59779) exited with exit code 1
2023-10-15 17:46:36.815 +04 [59774] LOG:  shutting down
2023-10-15 17:46:36.816 +04 [59774] LOG:  checkpoint starting: shutdown immediate
2023-10-15 17:46:36.818 +04 [59774] LOG:  checkpoint complete: wrote 3 buffers (0.0%); 0 WAL file(s) added, 0 removed, 0 recycled; write=0.001 s, sync=0.001 s, total=0.003 s; sync files=2, longest=0.001 s, average=0.001 s; distance=0 kB, estimate=0 kB; lsn=0/1549E20, redo lsn=0/1549E20
2023-10-15 17:46:36.821 +04 [59773] LOG:  database system is shut down
2023-10-15 17:47:53.409 +04 [60095] LOG:  starting PostgreSQL 16.0 (Homebrew) on aarch64-apple-darwin22.6.0, compiled by Apple clang version 14.0.3 (clang-1403.0.22.14.1), 64-bit
2023-10-15 17:47:53.411 +04 [60095] LOG:  listening on IPv6 address "::1", port 6000
2023-10-15 17:47:53.411 +04 [60095] LOG:  listening on IPv4 address "127.0.0.1", port 6000
2023-10-15 17:47:53.412 +04 [60095] LOG:  listening on Unix socket "/tmp/.s.PGSQL.6000"
2023-10-15 17:47:53.420 +04 [60098] LOG:  database system was shut down at 2023-10-15 17:46:36 +04
2023-10-15 17:47:53.425 +04 [60095] LOG:  database system is ready to accept connections
2023-10-15 17:48:13.992 +04 [60197] FATAL:  role "user" does not exist
2023-10-15 17:48:17.011 +04 [60220] FATAL:  role "user" does not exist
2023-10-15 17:52:53.421 +04 [60096] LOG:  checkpoint starting: time
2023-10-15 17:52:53.430 +04 [60096] LOG:  checkpoint complete: wrote 3 buffers (0.0%); 0 WAL file(s) added, 0 removed, 0 recycled; write=0.002 s, sync=0.001 s, total=0.010 s; sync files=2, longest=0.001 s, average=0.001 s; distance=0 kB, estimate=0 kB; lsn=0/1549F08, redo lsn=0/1549ED0
2023-10-19 19:44:28.843 +04 [60095] LOG:  could not open file "postmaster.pid": Interrupted system call; continuing anyway
